\BOOKMARK [1][-]{section.1}{\376\377\000I\000n\000t\000r\000o\000d\000u\000c\000t\000i\000o\000n}{}% 1
\BOOKMARK [2][-]{subsection.1.1}{\376\377\000R\000e\000l\000a\000t\000e\000d\000\040\000P\000r\000i\000o\000r\000\040\000W\000o\000r\000k}{section.1}% 2
\BOOKMARK [2][-]{subsection.1.2}{\376\377\000T\000e\000c\000h\000n\000i\000q\000u\000e\000s\000\040\000a\000n\000d\000\040\000R\000e\000s\000u\000l\000t\000s}{section.1}% 3
\BOOKMARK [2][-]{subsection.1.3}{\376\377\000N\000o\000t\000a\000t\000i\000o\000n}{section.1}% 4
\BOOKMARK [2][-]{subsection.1.4}{\376\377\000O\000u\000t\000l\000i\000n\000e\000\040\000o\000f\000\040\000t\000h\000e\000\040\000P\000a\000p\000e\000r}{section.1}% 5
\BOOKMARK [1][-]{section.2}{\376\377\000B\000a\000c\000k\000g\000r\000o\000u\000n\000d}{}% 6
\BOOKMARK [2][-]{subsection.2.1}{\376\377\000T\000w\000o\000-\000S\000a\000m\000p\000l\000e\000\040\000T\000e\000s\000t\000i\000n\000g\000\040\000u\000n\000d\000e\000r\000\040\000L\000o\000c\000a\000l\000\040\000D\000i\000f\000f\000e\000r\000e\000n\000t\000i\000a\000l\000\040\000P\000r\000i\000v\000a\000c\000y\000\040\000C\000o\000n\000s\000t\000r\000a\000i\000n\000t}{section.2}% 7
\BOOKMARK [2][-]{subsection.2.2}{\376\377\000N\000o\000n\000-\000P\000r\000i\000v\000a\000t\000e\000\040\000a\000n\000d\000\040\000L\000D\000P\000\040\000M\000i\000n\000i\000m\000a\000x\000\040\000F\000r\000a\000m\000e\000w\000o\000r\000k\000\040\000f\000o\000r\000\040\000T\000w\000o\000-\000S\000a\000m\000p\000l\000e\000\040\000T\000e\000s\000t\000i\000n\000g}{section.2}% 8
\BOOKMARK [2][-]{subsection.2.3}{\376\377\000P\000e\000r\000m\000u\000t\000a\000t\000i\000o\000n\000\040\000T\000e\000s\000t\000i\000n\000g\000\040\000P\000r\000o\000c\000e\000d\000u\000r\000e}{section.2}% 9
\BOOKMARK [1][-]{section.3}{\376\377\000T\000w\000o\000-\000S\000a\000m\000p\000l\000e\000\040\000T\000e\000s\000t\000i\000n\000g\000\040\000f\000o\000r\000\040\000M\000u\000l\000t\000i\000n\000o\000m\000i\000a\000l\000s\000\040\000u\000n\000d\000e\000r\000\040\000L\000D\000P\000\040\000C\000o\000n\000s\000t\000r\000a\000i\000n\000t}{}% 10
\BOOKMARK [2][-]{subsection.3.1}{\376\377\000P\000r\000i\000v\000a\000t\000e\000\040\000M\000i\000n\000i\000m\000a\000x\000\040\000R\000a\000t\000e\000s\000\040\000f\000o\000r\000\040\000T\000w\000o\000-\000S\000a\000m\000p\000l\000e\000\040\000M\000u\000l\000t\000i\000n\000o\000m\000i\000a\000l\000\040\000T\000e\000s\000t\000i\000n\000g}{section.3}% 11
\BOOKMARK [2][-]{subsection.3.2}{\376\377\000P\000r\000i\000v\000a\000c\000y\000\040\000M\000e\000c\000h\000a\000n\000i\000s\000m\000s\000\040\000a\000n\000d\000\040\000T\000e\000s\000t\000i\000n\000g\000\040\000P\000r\000o\000c\000e\000d\000u\000r\000e\000\040\000f\000o\000r\000\040\000t\000h\000e\000\040\000U\000p\000p\000e\000r\000\040\000B\000o\000u\000n\000d}{section.3}% 12
\BOOKMARK [1][-]{section.4}{\376\377\000T\000w\000o\000-\000S\000a\000m\000p\000l\000e\000\040\000T\000e\000s\000t\000i\000n\000g\000\040\000f\000o\000r\000\040\000H\000\366\000l\000d\000e\000r\000\040\000a\000n\000d\000\040\000B\000e\000s\000o\000v\000\040\000D\000e\000n\000s\000i\000t\000i\000e\000s\000\040\000u\000n\000d\000e\000r\000\040\000L\000D\000P}{}% 13
\BOOKMARK [2][-]{subsection.4.1}{\376\377\000H\000\366\000l\000d\000e\000r\000\040\000a\000n\000d\000\040\000B\000e\000s\000o\000v\000\040\000S\000m\000o\000o\000t\000h\000e\000n\000e\000s\000s\000\040\000C\000l\000a\000s\000s\000e\000s}{section.4}% 14
\BOOKMARK [2][-]{subsection.4.2}{\376\377\000P\000r\000i\000v\000a\000t\000e\000\040\000M\000i\000n\000i\000m\000a\000x\000\040\000T\000e\000s\000t\000i\000n\000g\000\040\000R\000a\000t\000e\000s\000\040\000f\000o\000r\000\040\000T\000w\000o\000-\000S\000a\000m\000p\000l\000e\000\040\000D\000e\000n\000s\000i\000t\000y\000\040\000T\000e\000s\000t\000i\000n\000g}{section.4}% 15
\BOOKMARK [2][-]{subsection.4.3}{\376\377\000M\000i\000n\000i\000m\000a\000x\000\040\000O\000p\000t\000i\000m\000a\000l\000\040\000P\000r\000i\000v\000a\000c\000y\000\040\000M\000e\000c\000h\000a\000n\000i\000s\000m\000\040\000a\000n\000d\000\040\000P\000e\000r\000m\000u\000t\000a\000t\000i\000o\000n\000\040\000T\000e\000s\000t\000i\000n\000g\000\040\000P\000r\000o\000c\000e\000d\000u\000r\000e}{section.4}% 16
\BOOKMARK [2][-]{subsection.4.4}{\376\377\000A\000d\000a\000p\000t\000i\000v\000e\000\040\000P\000r\000o\000c\000e\000d\000u\000r\000e\000\040\000f\000o\000r\000\040\000P\000r\000i\000v\000a\000t\000e\000\040\000T\000w\000o\000-\000S\000a\000m\000p\000l\000e\000\040\000D\000e\000n\000s\000i\000t\000y\000\040\000T\000e\000s\000t\000i\000n\000g\000\040}{section.4}% 17
\BOOKMARK [1][-]{section.5}{\376\377\000N\000u\000m\000e\000r\000i\000c\000a\000l\000\040\000R\000e\000s\000u\000l\000t\000s}{}% 18
\BOOKMARK [1][-]{section.6}{\376\377\000D\000i\000s\000c\000u\000s\000s\000i\000o\000n}{}% 19
\BOOKMARK [1][-]{appendix.A}{\376\377\000O\000v\000e\000r\000v\000i\000e\000w\000\040\000o\000f\000\040\000A\000p\000p\000e\000n\000d\000i\000x}{}% 20
\BOOKMARK [1][-]{appendix.B}{\376\377\000P\000r\000e\000l\000i\000m\000i\000n\000a\000r\000y\000\040\000R\000e\000s\000u\000l\000t\000s}{}% 21
\BOOKMARK [2][-]{subsection.B.1}{\376\377\000F\000i\000r\000s\000t\000\040\000T\000w\000o\000\040\000M\000o\000m\000e\000n\000t\000s\000\040\000o\000f\000\040\000D\000i\000s\000c\000r\000e\000t\000e\000\040\000L\000a\000p\000l\000a\000c\000e\000\040\000N\000o\000i\000s\000e}{appendix.B}% 22
\BOOKMARK [2][-]{subsection.B.2}{\376\377\000S\000u\000m\000m\000a\000r\000y\000\040\000S\000t\000a\000t\000i\000s\000t\000i\000c\000s\000\040\000o\000f\000\040\000R\000A\000P\000P\000O\000R\000\040\000M\000e\000c\000h\000a\000n\000i\000s\000m}{appendix.B}% 23
\BOOKMARK [2][-]{subsection.B.3}{\376\377\000C\000o\000n\000s\000t\000r\000u\000c\000t\000i\000o\000n\000\040\000o\000f\000\040\000M\000u\000l\000t\000i\000v\000a\000r\000i\000a\000t\000e\000\040\000H\000a\000a\000r\000\040\000W\000a\000v\000e\000l\000e\000t\000\040\000B\000a\000s\000i\000s}{appendix.B}% 24
\BOOKMARK [2][-]{subsection.B.4}{\376\377\000D\000e\000n\000s\000i\000t\000y\000\040\000D\000i\000s\000c\000r\000e\000t\000i\000z\000a\000t\000i\000o\000n\000\040\000E\000r\000r\000o\000r\000\040\000A\000n\000a\000l\000y\000s\000i\000s}{appendix.B}% 25
\BOOKMARK [2][-]{subsection.B.5}{\376\377\000G\000a\000u\000s\000s\000i\000a\000n\000\040\000A\000p\000p\000r\000o\000x\000i\000m\000a\000t\000i\000o\000n\000\040\000o\000f\000\040\000O\000n\000e\000-\000S\000a\000m\000p\000l\000e\000\040\000U\000-\000s\000t\000a\000t\000i\000s\000t\000i\000c}{appendix.B}% 26
\BOOKMARK [1][-]{appendix.C}{\376\377\000P\000r\000o\000o\000f\000\040\000o\000f\000\040\000L\000e\000m\000m\000a\000\040\0007}{}% 27
\BOOKMARK [1][-]{appendix.D}{\376\377\000P\000r\000o\000o\000f\000\040\000o\000f\000\040\000T\000h\000e\000o\000r\000e\000m\000\040\0003}{}% 28
\BOOKMARK [2][-]{subsection.D.1}{\376\377\000U\000p\000p\000e\000r\000\040\000B\000o\000u\000n\000d}{appendix.D}% 29
\BOOKMARK [2][-]{subsection.D.2}{\376\377\000L\000o\000w\000e\000r\000\040\000B\000o\000u\000n\000d}{appendix.D}% 30
\BOOKMARK [1][-]{appendix.E}{\376\377\000P\000r\000o\000o\000f\000\040\000o\000f\000\040\000T\000h\000e\000o\000r\000e\000m\000\040\0001\0001}{}% 31
\BOOKMARK [2][-]{subsection.E.1}{\376\377\000U\000p\000p\000e\000r\000\040\000B\000o\000u\000n\000d}{appendix.E}% 32
\BOOKMARK [2][-]{subsection.E.2}{\376\377\000L\000o\000w\000e\000r\000\040\000B\000o\000u\000n\000d}{appendix.E}% 33
\BOOKMARK [2][-]{subsection.E.3}{\376\377\000P\000r\000o\000o\000f\000s\000\040\000o\000f\000\040\000t\000h\000e\000\040\000L\000e\000m\000m\000a\000s\000\040\000i\000n\000\040\000A\000p\000p\000e\000n\000d\000i\000x\000\040\000E\000.\0002}{appendix.E}% 34
\BOOKMARK [1][-]{appendix.F}{\376\377\000P\000r\000o\000o\000f\000\040\000o\000f\000\040\000T\000h\000e\000o\000r\000e\000m\000\040\0001\0002}{}% 35
\BOOKMARK [1][-]{appendix.G}{\376\377\000S\000u\000p\000p\000l\000e\000m\000e\000n\000t\000a\000r\000y\000\040\000I\000n\000f\000o\000r\000m\000a\000t\000i\000o\000n\000\040\000f\000o\000r\000\040\000t\000h\000e\000\040\000N\000u\000m\000e\000r\000i\000c\000a\000l\000\040\000R\000e\000s\000u\000l\000t\000s}{}% 36
\BOOKMARK [2][-]{subsection.G.1}{\376\377\000B\000a\000s\000e\000l\000i\000n\000e\000\040\000M\000e\000t\000h\000o\000d\000s}{appendix.G}% 37
\BOOKMARK [2][-]{subsection.G.2}{\376\377\000P\000o\000w\000e\000r\000\040\000C\000o\000m\000p\000a\000r\000i\000s\000o\000n\000\040\000o\000f\000\040\000R\000A\000P\000P\000O\000R\000-\000B\000a\000s\000e\000d\000\040\000M\000e\000t\000h\000o\000d\000s\000\040\000u\000n\000d\000e\000r\000\040\000A\000d\000d\000i\000t\000i\000o\000n\000a\000l\000\040\000S\000c\000e\000n\000a\000r\000i\000o\000s}{appendix.G}% 38
\BOOKMARK [2][-]{subsection.G.3}{\376\377\000N\000u\000m\000e\000r\000i\000c\000a\000l\000\040\000R\000e\000s\000u\000l\000t\000\040\000f\000o\000r\000\040\000D\000e\000n\000s\000i\000t\000y\000\040\000T\000e\000s\000t\000i\000n\000g\000\040\000f\000o\000r\000\040\000S\000c\000a\000l\000e\000\040\000A\000l\000t\000e\000r\000n\000a\000t\000i\000v\000e\000s}{appendix.G}% 39
\BOOKMARK [2][-]{subsection.G.4}{\376\377\000P\000r\000o\000o\000f\000\040\000o\000f\000\040\000A\000s\000y\000m\000p\000t\000o\000t\000i\000c\000\040\000N\000u\000l\000l\000\040\000D\000i\000s\000t\000r\000i\000b\000u\000t\000i\000o\000n\000s}{appendix.G}% 40
\BOOKMARK [1][-]{appendix.H}{\376\377\000S\000u\000b\000o\000p\000t\000i\000m\000a\000l\000i\000t\000y\000\040\000o\000f\000\040\000G\000e\000n\000e\000r\000a\000l\000i\000z\000e\000d\000\040\000R\000a\000n\000d\000o\000m\000i\000z\000e\000d\000\040\000R\000e\000s\000p\000o\000n\000s\000e}{}% 41
